\BOOKMARK [0][-]{chapter*.2}{\376\377\000K\000i\000v\000o\000n\000a\000t}{}% 1
\BOOKMARK [0][-]{chapter*.3}{\376\377\000A\000b\000s\000t\000r\000a\000c\000t}{}% 2
\BOOKMARK [0][-]{chapter.1}{\376\377\000B\000e\000v\000e\000z\000e\000t\000\351\000s}{}% 3
\BOOKMARK [1][-]{section.1.1}{\376\377\000G\000\351\000p\000i\000\040\000b\000e\000s\000z\000\351\000d\000f\000e\000l\000i\000s\000m\000e\000r\000\351\000s}{chapter.1}% 4
\BOOKMARK [1][-]{section.1.2}{\376\377\000\332\000t\000\040\000a\000z\000\040\000e\000n\000d\000\040\000t\000o\000\040\000e\000n\000d\000\040\000a\000l\000a\000p\000\372\000\040\000g\000\351\000p\000i\000\040\000b\000e\000s\000z\000\351\000d\000f\000e\000l\000i\000s\000m\000e\000r\000\351\000s\000i\000g}{chapter.1}% 5
\BOOKMARK [1][-]{section.1.3}{\376\377\000A\000z\000\040\000o\000r\000o\000s\000z\000\040\000n\000y\000e\000l\000v}{chapter.1}% 6
\BOOKMARK [1][-]{section.1.4}{\376\377\000D\000i\000p\000l\000o\000m\000a\000t\000e\000r\000v\000\040\000f\000e\000l\000\351\000p\000\355\000t\000\351\000s\000e}{chapter.1}% 7
\BOOKMARK [0][-]{chapter.2}{\376\377\000A\000\040\000k\000\366\000v\000e\000t\000e\000l\000m\000\351\000n\000y\000e\000k\000\040\000e\000l\000e\000m\000z\000\351\000s\000e}{}% 8
\BOOKMARK [1][-]{section.2.1}{\376\377\000B\000e\000s\000z\000\351\000d\000f\000e\000l\000i\000s\000m\000e\000r\000\351\000s\000\040\000b\000e\000m\000u\000t\000a\000t\000\341\000s\000a}{chapter.2}% 9
\BOOKMARK [1][-]{section.2.2}{\376\377\000K\000o\000r\000s\000z\000e\000r\001\161\000\040\000a\000r\000c\000h\000i\000t\000e\000k\000t\000\372\000r\000\341\000k\000\040\000\351\000s\000\040\000t\000e\000r\000v\000e\000z\000\351\000s}{chapter.2}% 10
\BOOKMARK [1][-]{section.2.3}{\376\377\000O\000r\000o\000s\000z\000\040\000n\000y\000e\000l\000v\001\161\000\040\000i\000m\000p\000l\000e\000m\000e\000n\000t\000\341\000c\000i\000\363}{chapter.2}% 11
\BOOKMARK [1][-]{section.2.4}{\376\377\000O\000p\000t\000i\000m\000a\000l\000i\000z\000\341\000l\000\341\000s\000\040\000\351\000s\000\040\000k\000i\000\351\000r\000t\000\351\000k\000e\000l\000\351\000s}{chapter.2}% 12
\BOOKMARK [1][-]{section.2.5}{\376\377\000M\000u\000n\000k\000a\000\040\000\366\000s\000s\000z\000e\000g\000z\000\351\000s\000e\000\040\000\351\000s\000\040\000k\000i\000t\000e\000k\000i\000n\000t\000\351\000s}{chapter.2}% 13
\BOOKMARK [0][-]{chapter.3}{\376\377\000A\000z\000\040\000e\000n\000d\000-\000t\000o\000-\000e\000n\000d\000\040\000b\000e\000s\000z\000\351\000d\000f\000e\000l\000i\000s\000m\000e\000r\000\351\000s\000\040\000e\000l\000m\000\351\000l\000e\000t\000e}{}% 14
\BOOKMARK [1][-]{section.3.1}{\376\377\000H\000a\000g\000y\000o\000m\000\341\000n\000y\000o\000s\000t\000\363\000l\000\040\000a\000z\000\040\000e\000n\000d\000-\000t\000o\000-\000e\000n\000d\000-\000i\000g}{chapter.3}% 15
\BOOKMARK [1][-]{section.3.2}{\376\377\000A\000\040\000b\000e\000s\000z\000\351\000d\000f\000e\000l\000i\000s\000m\000e\000r\000\351\000s\000\040\000l\000\351\000p\000\351\000s\000e\000i}{chapter.3}% 16
\BOOKMARK [2][-]{subsection.3.2.1}{\376\377\000E\000l\001\121\000f\000e\000l\000d\000o\000l\000g\000o\000z\000\341\000s}{section.3.2}% 17
\BOOKMARK [2][-]{subsection.3.2.2}{\376\377\000N\000e\000u\000r\000\341\000l\000i\000s\000\040\000h\000\341\000l\000\363\000k}{section.3.2}% 18
\BOOKMARK [2][-]{subsection.3.2.3}{\376\377\000C\000T\000C\000\040\000d\000e\000k\000\363\000d\000o\000l\000\341\000s\000\040\000\351\000s\000\040\000l\000o\000s\000s\000\040\000s\000z\000\341\000m\000\355\000t\000\341\000s}{section.3.2}% 19
\BOOKMARK [1][-]{section.3.3}{\376\377\000L\000\351\000t\000e\000z\001\121\000\040\000m\000e\000g\000o\000l\000d\000\341\000s\000o\000k}{chapter.3}% 20
\BOOKMARK [1][-]{section.3.4}{\376\377\000K\000\366\000v\000e\000t\000k\000e\000z\000t\000e\000t\000\351\000s\000e\000k}{chapter.3}% 21
\BOOKMARK [0][-]{chapter.4}{\376\377\000T\000e\000r\000v\000e\000z\000\351\000s\000\040\000\351\000s\000\040\000i\000m\000p\000l\000e\000m\000e\000n\000t\000\341\000c\000i\000\363}{}% 22
\BOOKMARK [1][-]{section.4.1}{\376\377\000T\000e\000r\000v\000e\000z\000\351\000s\000,\000\040\000d\000\366\000n\000t\000\351\000s\000i\000\040\000l\000e\000h\000e\000t\001\121\000s\000\351\000g\000e\000k\000\040\000\351\000r\000t\000\351\000k\000e\000l\000\351\000s\000e}{chapter.4}% 23
\BOOKMARK [2][-]{subsection.4.1.1}{\376\377\000P\000y\000t\000h\000o\000n}{section.4.1}% 24
\BOOKMARK [2][-]{subsection.4.1.2}{\376\377\000N\000e\000M\000o}{section.4.1}% 25
\BOOKMARK [3][-]{subsubsection.4.1.2.1}{\376\377\000P\000y\000T\000o\000r\000c\000h}{subsection.4.1.2}% 26
\BOOKMARK [3][-]{subsubsection.4.1.2.2}{\376\377\000Q\000u\000a\000r\000t\000z\000N\000e\000t}{subsection.4.1.2}% 27
\BOOKMARK [2][-]{subsection.4.1.3}{\376\377\000T\000e\000n\000s\000o\000r\000b\000o\000a\000r\000d}{section.4.1}% 28
\BOOKMARK [1][-]{section.4.2}{\376\377\000N\000e\000M\000o\000\040\000b\000e\000\341\000l\000l\000\355\000t\000\341\000s\000a}{chapter.4}% 29
\BOOKMARK [1][-]{section.4.3}{\376\377\000K\000\355\000s\000\351\000r\000l\000e\000t\000e\000k}{chapter.4}% 30
\BOOKMARK [0][-]{chapter.5}{\376\377\000\326\000s\000s\000z\000e\000f\000o\000g\000l\000a\000l\000\341\000s}{}% 31
\BOOKMARK [0][-]{chapter.6}{\376\377\000L\000a\000T\000e\000X\000-\000e\000s\000z\000k\000\366\000z\000\366\000k}{}% 32
\BOOKMARK [1][-]{section.6.1}{\376\377\000A\000\040\000s\000z\000e\000r\000k\000e\000s\000z\000t\000\351\000s\000h\000e\000z\000\040\000h\000a\000s\000z\000n\000\341\000l\000a\000t\000o\000s\000\040\000e\000s\000z\000k\000\366\000z\000\366\000k}{chapter.6}% 33
\BOOKMARK [1][-]{section.6.2}{\376\377\000A\000\040\000d\000o\000k\000u\000m\000e\000n\000t\000u\000m\000\040\000l\000e\000f\000o\000r\000d\000\355\000t\000\341\000s\000a\000\040\000W\000i\000n\000d\000o\000w\000s\000\040\000a\000l\000a\000t\000t}{chapter.6}% 34
\BOOKMARK [1][-]{section.6.3}{\376\377\000E\000s\000z\000k\000\366\000z\000\366\000k\000\040\000L\000i\000n\000u\000x\000h\000o\000z}{chapter.6}% 35
\BOOKMARK [0][-]{chapter.7}{\376\377\000A\000\040\000d\000o\000l\000g\000o\000z\000a\000t\000\040\000f\000o\000r\000m\000a\000i\000\040\000k\000i\000v\000i\000t\000e\000l\000e}{}% 36
\BOOKMARK [1][-]{section.7.1}{\376\377\000A\000\040\000d\000o\000l\000g\000o\000z\000a\000t\000\040\000k\000i\000m\000\351\000r\000e\000t\000e}{chapter.7}% 37
\BOOKMARK [1][-]{section.7.2}{\376\377\000A\000\040\000d\000o\000l\000g\000o\000z\000a\000t\000\040\000n\000y\000e\000l\000v\000e}{chapter.7}% 38
\BOOKMARK [1][-]{section.7.3}{\376\377\000A\000\040\000d\000o\000k\000u\000m\000e\000n\000t\000u\000m\000\040\000n\000y\000o\000m\000d\000a\000t\000e\000c\000h\000n\000i\000k\000a\000i\000\040\000k\000i\000v\000i\000t\000e\000l\000e}{chapter.7}% 39
\BOOKMARK [0][-]{chapter.8}{\376\377\000A\000\040\000L\000a\000T\000e\000X\000-\000s\000a\000b\000l\000o\000n\000\040\000h\000a\000s\000z\000n\000\341\000l\000a\000t\000a}{}% 40
\BOOKMARK [1][-]{section.8.1}{\376\377\000C\000\355\000m\000k\000\351\000k\000\040\000\351\000s\000\040\000h\000i\000v\000a\000t\000k\000o\000z\000\341\000s\000o\000k}{chapter.8}% 41
\BOOKMARK [1][-]{section.8.2}{\376\377\000\301\000b\000r\000\341\000k\000\040\000\351\000s\000\040\000t\000\341\000b\000l\000\341\000z\000a\000t\000o\000k}{chapter.8}% 42
\BOOKMARK [1][-]{section.8.3}{\376\377\000F\000e\000l\000s\000o\000r\000o\000l\000\341\000s\000o\000k\000\040\000\351\000s\000\040\000l\000i\000s\000t\000\341\000k}{chapter.8}% 43
\BOOKMARK [1][-]{section.8.4}{\376\377\000K\000\351\000p\000l\000e\000t\000e\000k}{chapter.8}% 44
\BOOKMARK [1][-]{section.8.5}{\376\377\000I\000r\000o\000d\000a\000l\000m\000i\000\040\000h\000i\000v\000a\000t\000k\000o\000z\000\341\000s\000o\000k}{chapter.8}% 45
\BOOKMARK [1][-]{section.8.6}{\376\377\000A\000\040\000d\000o\000l\000g\000o\000z\000a\000t\000\040\000s\000z\000e\000r\000k\000e\000z\000e\000t\000e\000\040\000\351\000s\000\040\000a\000\040\000f\000o\000r\000r\000\341\000s\000f\000\341\000j\000l\000o\000k}{chapter.8}% 46
\BOOKMARK [1][-]{section.8.7}{\376\377\000A\000l\000a\000p\000a\000d\000a\000t\000o\000k\000\040\000m\000e\000g\000a\000d\000\341\000s\000a}{chapter.8}% 47
\BOOKMARK [1][-]{section.8.8}{\376\377\000\332\000j\000\040\000f\000e\000j\000e\000z\000e\000t\000\040\000\355\000r\000\341\000s\000a}{chapter.8}% 48
\BOOKMARK [1][-]{section.8.9}{\376\377\000D\000e\000f\000i\000n\000\355\000c\000i\000\363\000k\000,\000\040\000t\000\351\000t\000e\000l\000e\000k\000,\000\040\000p\000\351\000l\000d\000\341\000k}{chapter.8}% 49
\BOOKMARK [0][-]{chapter*.13}{\376\377\000K\000\366\000s\000z\000\366\000n\000e\000t\000n\000y\000i\000l\000v\000\341\000n\000\355\000t\000\341\000s}{}% 50
\BOOKMARK [0][-]{chapter*.13}{\376\377\000I\000r\000o\000d\000a\000l\000o\000m\000j\000e\000g\000y\000z\000\351\000k}{}% 51
\BOOKMARK [0][-]{appendix*.14}{\376\377\000F\000\374\000g\000g\000e\000l\000\351\000k}{}% 52
\BOOKMARK [1][-]{section.F.1}{\376\377\000A\000\040\000T\000e\000X\000s\000t\000u\000d\000i\000o\000\040\000f\000e\000l\000\374\000l\000e\000t\000e}{appendix*.14}% 53
\BOOKMARK [1][-]{section.F.2}{\376\377\000V\000\341\000l\000a\000s\000z\000\040\000a\000z\000\040\000,\000,\000\311\000l\000e\000t\000,\000\040\000a\000\040\000v\000i\000l\000\341\000g\000m\000i\000n\000d\000e\000n\000s\000\351\000g\000,\000\040\000m\000e\000g\000\040\000m\000i\000n\000d\000e\000n\000'\000'\000\040\000k\000\351\000r\000d\000\351\000s\000\351\000r\000e}{appendix*.14}% 54
